2024-11-28 06:22:16,519 - INFO - thhis is logger
2024-11-28 06:22:16,521 - INFO - Generated 1000 transactions.
2024-11-28 06:22:16,542 - INFO - Detected 363 fraudulent transactions:
2024-11-28 06:22:16,542 - INFO - {'transaction_id': 1, 'rules_triggered': {'large_amount': True, 'rapid_transaction': False, 'unusual_location': False}}
2024-11-28 06:22:16,543 - INFO - {'transaction_id': 5, 'rules_triggered': {'large_amount': True, 'rapid_transaction': False, 'unusual_location': False}}
2024-11-28 06:22:16,543 - INFO - {'transaction_id': 7, 'rules_triggered': {'large_amount': False, 'rapid_transaction': False, 'unusual_location': True}}
2024-11-28 06:22:16,543 - INFO - {'transaction_id': 10, 'rules_triggered': {'large_amount': False, 'rapid_transaction': False, 'unusual_location': True}}
2024-11-28 06:22:16,543 - INFO - {'transaction_id': 11, 'rules_triggered': {'large_amount': False, 'rapid_transaction': False, 'unusual_location': True}}
2024-11-28 06:22:16,543 - INFO - {'transaction_id': 14, 'rules_triggered': {'large_amount': True, 'rapid_transaction': False, 'unusual_location': False}}
2024-11-28 06:22:16,543 - INFO - {'transaction_id': 15, 'rules_triggered': {'large_amount': True, 'rapid_transaction': False, 'unusual_location': False}}
2024-11-28 06:22:16,543 - INFO - {'transaction_id': 16, 'rules_triggered': {'large_amount': True, 'rapid_transaction': False, 'unusual_location': False}}
2024-11-28 06:22:16,543 - INFO - {'transaction_id': 19, 'rules_triggered': {'large_amount': False, 'rapid_transaction': False, 'unusual_location': True}}
2024-11-28 06:22:16,543 - INFO - {'transaction_id': 20, 'rules_triggered': {'large_amount': False, 'rapid_transaction': False, 'unusual_location': True}}
2024-11-28 06:22:16,543 - INFO - {'transaction_id': 23, 'rules_triggered': {'large_amount': True, 'rapid_transaction': False, 'unusual_location': False}}
2024-11-28 06:22:16,543 - INFO - {'transaction_id': 24, 'rules_triggered': {'large_amount': True, 'rapid_transaction': False, 'unusual_location': False}}
2024-11-28 06:22:16,543 - INFO - {'transaction_id': 25, 'rules_triggered': {'large_amount': False, 'rapid_transaction': False, 'unusual_location': True}}
2024-11-28 06:22:16,543 - INFO - {'transaction_id': 26, 'rules_triggered': {'large_amount': True, 'rapid_transaction': False, 'unusual_location': True}}
2024-11-28 06:22:16,543 - INFO - {'transaction_id': 29, 'rules_triggered': {'large_amount': True, 'rapid_transaction': False, 'unusual_location': False}}
2024-11-28 06:22:16,543 - INFO - {'transaction_id': 31, 'rules_triggered': {'large_amount': True, 'rapid_transaction': False, 'unusual_location': False}}
2024-11-28 06:22:16,543 - INFO - {'transaction_id': 32, 'rules_triggered': {'large_amount': True, 'rapid_transaction': False, 'unusual_location': False}}
2024-11-28 06:22:16,544 - INFO - {'transaction_id': 34, 'rules_triggered': {'large_amount': True, 'rapid_transaction': False, 'unusual_location': True}}
2024-11-28 06:22:16,544 - INFO - {'transaction_id': 35, 'rules_triggered': {'large_amount': False, 'rapid_transaction': False, 'unusual_location': True}}
2024-11-28 06:22:16,544 - INFO - {'transaction_id': 37, 'rules_triggered': {'large_amount': False, 'rapid_transaction': False, 'unusual_location': True}}
2024-11-28 06:22:16,544 - INFO - {'transaction_id': 44, 'rules_triggered': {'large_amount': True, 'rapid_transaction': False, 'unusual_location': True}}
2024-11-28 06:22:16,544 - INFO - {'transaction_id': 46, 'rules_triggered': {'large_amount': True, 'rapid_transaction': False, 'unusual_location': True}}
2024-11-28 06:22:16,544 - INFO - {'transaction_id': 55, 'rules_triggered': {'large_amount': True, 'rapid_transaction': False, 'unusual_location': True}}
2024-11-28 06:22:16,544 - INFO - {'transaction_id': 62, 'rules_triggered': {'large_amount': False, 'rapid_transaction': False, 'unusual_location': True}}
2024-11-28 06:22:16,544 - INFO - {'transaction_id': 67, 'rules_triggered': {'large_amount': True, 'rapid_transaction': False, 'unusual_location': False}}
2024-11-28 06:22:16,544 - INFO - {'transaction_id': 68, 'rules_triggered': {'large_amount': True, 'rapid_transaction': False, 'unusual_location': False}}
2024-11-28 06:22:16,544 - INFO - {'transaction_id': 76, 'rules_triggered': {'large_amount': False, 'rapid_transaction': False, 'unusual_location': True}}
2024-11-28 06:22:16,544 - INFO - {'transaction_id': 81, 'rules_triggered': {'large_amount': False, 'rapid_transaction': False, 'unusual_location': True}}
2024-11-28 06:22:16,544 - INFO - {'transaction_id': 83, 'rules_triggered': {'large_amount': True, 'rapid_transaction': False, 'unusual_location': False}}
2024-11-28 06:22:16,544 - INFO - {'transaction_id': 87, 'rules_triggered': {'large_amount': True, 'rapid_transaction': False, 'unusual_location': False}}
2024-11-28 06:22:16,544 - INFO - {'transaction_id': 90, 'rules_triggered': {'large_amount': False, 'rapid_transaction': False, 'unusual_location': True}}
2024-11-28 06:22:16,544 - INFO - {'transaction_id': 91, 'rules_triggered': {'large_amount': True, 'rapid_transaction': False, 'unusual_location': False}}
2024-11-28 06:22:16,544 - INFO - {'transaction_id': 93, 'rules_triggered': {'large_amount': True, 'rapid_transaction': False, 'unusual_location': False}}
2024-11-28 06:22:16,544 - INFO - {'transaction_id': 96, 'rules_triggered': {'large_amount': False, 'rapid_transaction': False, 'unusual_location': True}}
2024-11-28 06:22:16,544 - INFO - {'transaction_id': 98, 'rules_triggered': {'large_amount': True, 'rapid_transaction': False, 'unusual_location': False}}
2024-11-28 06:22:16,544 - INFO - {'transaction_id': 100, 'rules_triggered': {'large_amount': False, 'rapid_transaction': False, 'unusual_location': True}}
2024-11-28 06:22:16,545 - INFO - {'transaction_id': 101, 'rules_triggered': {'large_amount': True, 'rapid_transaction': False, 'unusual_location': False}}
2024-11-28 06:22:16,545 - INFO - {'transaction_id': 107, 'rules_triggered': {'large_amount': True, 'rapid_transaction': False, 'unusual_location': False}}
2024-11-28 06:22:16,545 - INFO - {'transaction_id': 110, 'rules_triggered': {'large_amount': False, 'rapid_transaction': False, 'unusual_location': True}}
2024-11-28 06:22:16,545 - INFO - {'transaction_id': 117, 'rules_triggered': {'large_amount': True, 'rapid_transaction': False, 'unusual_location': False}}
2024-11-28 06:22:16,545 - INFO - {'transaction_id': 118, 'rules_triggered': {'large_amount': False, 'rapid_transaction': False, 'unusual_location': True}}
2024-11-28 06:22:16,545 - INFO - {'transaction_id': 119, 'rules_triggered': {'large_amount': False, 'rapid_transaction': False, 'unusual_location': True}}
2024-11-28 06:22:16,545 - INFO - {'transaction_id': 124, 'rules_triggered': {'large_amount': True, 'rapid_transaction': False, 'unusual_location': True}}
2024-11-28 06:22:16,545 - INFO - {'transaction_id': 127, 'rules_triggered': {'large_amount': False, 'rapid_transaction': False, 'unusual_location': True}}
2024-11-28 06:22:16,545 - INFO - {'transaction_id': 128, 'rules_triggered': {'large_amount': False, 'rapid_transaction': False, 'unusual_location': True}}
2024-11-28 06:22:16,545 - INFO - {'transaction_id': 129, 'rules_triggered': {'large_amount': False, 'rapid_transaction': False, 'unusual_location': True}}
2024-11-28 06:22:16,545 - INFO - {'transaction_id': 134, 'rules_triggered': {'large_amount': True, 'rapid_transaction': False, 'unusual_location': False}}
2024-11-28 06:22:16,545 - INFO - {'transaction_id': 136, 'rules_triggered': {'large_amount': True, 'rapid_transaction': False, 'unusual_location': True}}
2024-11-28 06:22:16,545 - INFO - {'transaction_id': 138, 'rules_triggered': {'large_amount': False, 'rapid_transaction': False, 'unusual_location': True}}
2024-11-28 06:22:16,545 - INFO - {'transaction_id': 139, 'rules_triggered': {'large_amount': False, 'rapid_transaction': False, 'unusual_location': True}}
2024-11-28 06:22:16,545 - INFO - {'transaction_id': 140, 'rules_triggered': {'large_amount': False, 'rapid_transaction': False, 'unusual_location': True}}
2024-11-28 06:22:16,545 - INFO - {'transaction_id': 142, 'rules_triggered': {'large_amount': False, 'rapid_transaction': False, 'unusual_location': True}}
2024-11-28 06:22:16,545 - INFO - {'transaction_id': 145, 'rules_triggered': {'large_amount': True, 'rapid_transaction': False, 'unusual_location': False}}
2024-11-28 06:22:16,545 - INFO - {'transaction_id': 148, 'rules_triggered': {'large_amount': True, 'rapid_transaction': False, 'unusual_location': False}}
2024-11-28 06:22:16,545 - INFO - {'transaction_id': 150, 'rules_triggered': {'large_amount': True, 'rapid_transaction': False, 'unusual_location': True}}
2024-11-28 06:22:16,545 - INFO - {'transaction_id': 155, 'rules_triggered': {'large_amount': False, 'rapid_transaction': False, 'unusual_location': True}}
2024-11-28 06:22:16,545 - INFO - {'transaction_id': 156, 'rules_triggered': {'large_amount': False, 'rapid_transaction': False, 'unusual_location': True}}
2024-11-28 06:22:16,546 - INFO - {'transaction_id': 161, 'rules_triggered': {'large_amount': False, 'rapid_transaction': False, 'unusual_location': True}}
2024-11-28 06:22:16,546 - INFO - {'transaction_id': 165, 'rules_triggered': {'large_amount': True, 'rapid_transaction': False, 'unusual_location': False}}
2024-11-28 06:22:16,546 - INFO - {'transaction_id': 169, 'rules_triggered': {'large_amount': False, 'rapid_transaction': False, 'unusual_location': True}}
2024-11-28 06:22:16,546 - INFO - {'transaction_id': 170, 'rules_triggered': {'large_amount': True, 'rapid_transaction': False, 'unusual_location': False}}
2024-11-28 06:22:16,546 - INFO - {'transaction_id': 172, 'rules_triggered': {'large_amount': True, 'rapid_transaction': False, 'unusual_location': False}}
2024-11-28 06:22:16,546 - INFO - {'transaction_id': 179, 'rules_triggered': {'large_amount': False, 'rapid_transaction': False, 'unusual_location': True}}
2024-11-28 06:22:16,546 - INFO - {'transaction_id': 181, 'rules_triggered': {'large_amount': True, 'rapid_transaction': False, 'unusual_location': False}}
2024-11-28 06:22:16,546 - INFO - {'transaction_id': 183, 'rules_triggered': {'large_amount': True, 'rapid_transaction': False, 'unusual_location': False}}
2024-11-28 06:22:16,546 - INFO - {'transaction_id': 187, 'rules_triggered': {'large_amount': False, 'rapid_transaction': False, 'unusual_location': True}}
2024-11-28 06:22:16,546 - INFO - {'transaction_id': 188, 'rules_triggered': {'large_amount': True, 'rapid_transaction': False, 'unusual_location': False}}
2024-11-28 06:22:16,546 - INFO - {'transaction_id': 191, 'rules_triggered': {'large_amount': False, 'rapid_transaction': False, 'unusual_location': True}}
2024-11-28 06:22:16,546 - INFO - {'transaction_id': 193, 'rules_triggered': {'large_amount': True, 'rapid_transaction': False, 'unusual_location': False}}
2024-11-28 06:22:16,546 - INFO - {'transaction_id': 194, 'rules_triggered': {'large_amount': False, 'rapid_transaction': False, 'unusual_location': True}}
2024-11-28 06:22:16,546 - INFO - {'transaction_id': 196, 'rules_triggered': {'large_amount': True, 'rapid_transaction': False, 'unusual_location': False}}
2024-11-28 06:22:16,546 - INFO - {'transaction_id': 197, 'rules_triggered': {'large_amount': True, 'rapid_transaction': False, 'unusual_location': True}}
2024-11-28 06:22:16,546 - INFO - {'transaction_id': 198, 'rules_triggered': {'large_amount': False, 'rapid_transaction': False, 'unusual_location': True}}
2024-11-28 06:22:16,546 - INFO - {'transaction_id': 201, 'rules_triggered': {'large_amount': False, 'rapid_transaction': False, 'unusual_location': True}}
2024-11-28 06:22:16,546 - INFO - {'transaction_id': 203, 'rules_triggered': {'large_amount': True, 'rapid_transaction': False, 'unusual_location': False}}
2024-11-28 06:22:16,546 - INFO - {'transaction_id': 205, 'rules_triggered': {'large_amount': True, 'rapid_transaction': False, 'unusual_location': False}}
2024-11-28 06:22:16,546 - INFO - {'transaction_id': 206, 'rules_triggered': {'large_amount': False, 'rapid_transaction': False, 'unusual_location': True}}
2024-11-28 06:22:16,547 - INFO - {'transaction_id': 207, 'rules_triggered': {'large_amount': False, 'rapid_transaction': False, 'unusual_location': True}}
2024-11-28 06:22:16,547 - INFO - {'transaction_id': 210, 'rules_triggered': {'large_amount': False, 'rapid_transaction': False, 'unusual_location': True}}
2024-11-28 06:22:16,547 - INFO - {'transaction_id': 211, 'rules_triggered': {'large_amount': True, 'rapid_transaction': False, 'unusual_location': False}}
2024-11-28 06:22:16,547 - INFO - {'transaction_id': 212, 'rules_triggered': {'large_amount': False, 'rapid_transaction': False, 'unusual_location': True}}
2024-11-28 06:22:16,547 - INFO - {'transaction_id': 217, 'rules_triggered': {'large_amount': False, 'rapid_transaction': False, 'unusual_location': True}}
2024-11-28 06:22:16,547 - INFO - {'transaction_id': 218, 'rules_triggered': {'large_amount': True, 'rapid_transaction': False, 'unusual_location': False}}
2024-11-28 06:22:16,547 - INFO - {'transaction_id': 221, 'rules_triggered': {'large_amount': True, 'rapid_transaction': False, 'unusual_location': False}}
2024-11-28 06:22:16,547 - INFO - {'transaction_id': 224, 'rules_triggered': {'large_amount': False, 'rapid_transaction': False, 'unusual_location': True}}
2024-11-28 06:22:16,547 - INFO - {'transaction_id': 231, 'rules_triggered': {'large_amount': True, 'rapid_transaction': False, 'unusual_location': False}}
2024-11-28 06:22:16,547 - INFO - {'transaction_id': 235, 'rules_triggered': {'large_amount': True, 'rapid_transaction': False, 'unusual_location': False}}
2024-11-28 06:22:16,547 - INFO - {'transaction_id': 236, 'rules_triggered': {'large_amount': False, 'rapid_transaction': False, 'unusual_location': True}}
2024-11-28 06:22:16,547 - INFO - {'transaction_id': 237, 'rules_triggered': {'large_amount': False, 'rapid_transaction': False, 'unusual_location': True}}
2024-11-28 06:22:16,547 - INFO - {'transaction_id': 239, 'rules_triggered': {'large_amount': True, 'rapid_transaction': False, 'unusual_location': False}}
2024-11-28 06:22:16,547 - INFO - {'transaction_id': 246, 'rules_triggered': {'large_amount': False, 'rapid_transaction': False, 'unusual_location': True}}
2024-11-28 06:22:16,547 - INFO - {'transaction_id': 247, 'rules_triggered': {'large_amount': True, 'rapid_transaction': False, 'unusual_location': True}}
2024-11-28 06:22:16,547 - INFO - {'transaction_id': 249, 'rules_triggered': {'large_amount': True, 'rapid_transaction': False, 'unusual_location': True}}
2024-11-28 06:22:16,547 - INFO - {'transaction_id': 251, 'rules_triggered': {'large_amount': False, 'rapid_transaction': False, 'unusual_location': True}}
2024-11-28 06:22:16,547 - INFO - {'transaction_id': 252, 'rules_triggered': {'large_amount': True, 'rapid_transaction': False, 'unusual_location': True}}
2024-11-28 06:22:16,547 - INFO - {'transaction_id': 253, 'rules_triggered': {'large_amount': True, 'rapid_transaction': False, 'unusual_location': False}}
2024-11-28 06:22:16,547 - INFO - {'transaction_id': 256, 'rules_triggered': {'large_amount': True, 'rapid_transaction': False, 'unusual_location': True}}
2024-11-28 06:22:16,547 - INFO - {'transaction_id': 258, 'rules_triggered': {'large_amount': True, 'rapid_transaction': False, 'unusual_location': False}}
2024-11-28 06:22:16,548 - INFO - {'transaction_id': 260, 'rules_triggered': {'large_amount': False, 'rapid_transaction': False, 'unusual_location': True}}
2024-11-28 06:22:16,548 - INFO - {'transaction_id': 266, 'rules_triggered': {'large_amount': False, 'rapid_transaction': False, 'unusual_location': True}}
2024-11-28 06:22:16,548 - INFO - {'transaction_id': 267, 'rules_triggered': {'large_amount': True, 'rapid_transaction': False, 'unusual_location': False}}
2024-11-28 06:22:16,548 - INFO - {'transaction_id': 268, 'rules_triggered': {'large_amount': False, 'rapid_transaction': False, 'unusual_location': True}}
2024-11-28 06:22:16,548 - INFO - {'transaction_id': 270, 'rules_triggered': {'large_amount': False, 'rapid_transaction': False, 'unusual_location': True}}
2024-11-28 06:22:16,548 - INFO - {'transaction_id': 273, 'rules_triggered': {'large_amount': False, 'rapid_transaction': False, 'unusual_location': True}}
2024-11-28 06:22:16,548 - INFO - {'transaction_id': 274, 'rules_triggered': {'large_amount': False, 'rapid_transaction': False, 'unusual_location': True}}
2024-11-28 06:22:16,548 - INFO - {'transaction_id': 279, 'rules_triggered': {'large_amount': True, 'rapid_transaction': False, 'unusual_location': True}}
2024-11-28 06:22:16,548 - INFO - {'transaction_id': 283, 'rules_triggered': {'large_amount': True, 'rapid_transaction': False, 'unusual_location': True}}
2024-11-28 06:22:16,548 - INFO - {'transaction_id': 285, 'rules_triggered': {'large_amount': True, 'rapid_transaction': False, 'unusual_location': False}}
2024-11-28 06:22:16,548 - INFO - {'transaction_id': 286, 'rules_triggered': {'large_amount': False, 'rapid_transaction': False, 'unusual_location': True}}
2024-11-28 06:22:16,548 - INFO - {'transaction_id': 291, 'rules_triggered': {'large_amount': True, 'rapid_transaction': False, 'unusual_location': False}}
2024-11-28 06:22:16,548 - INFO - {'transaction_id': 294, 'rules_triggered': {'large_amount': True, 'rapid_transaction': False, 'unusual_location': True}}
2024-11-28 06:22:16,548 - INFO - {'transaction_id': 296, 'rules_triggered': {'large_amount': False, 'rapid_transaction': False, 'unusual_location': True}}
2024-11-28 06:22:16,548 - INFO - {'transaction_id': 299, 'rules_triggered': {'large_amount': True, 'rapid_transaction': False, 'unusual_location': False}}
2024-11-28 06:22:16,548 - INFO - {'transaction_id': 300, 'rules_triggered': {'large_amount': False, 'rapid_transaction': False, 'unusual_location': True}}
2024-11-28 06:22:16,548 - INFO - {'transaction_id': 303, 'rules_triggered': {'large_amount': False, 'rapid_transaction': False, 'unusual_location': True}}
2024-11-28 06:22:16,548 - INFO - {'transaction_id': 305, 'rules_triggered': {'large_amount': True, 'rapid_transaction': False, 'unusual_location': False}}
2024-11-28 06:22:16,548 - INFO - {'transaction_id': 309, 'rules_triggered': {'large_amount': True, 'rapid_transaction': False, 'unusual_location': False}}
2024-11-28 06:22:16,548 - INFO - {'transaction_id': 310, 'rules_triggered': {'large_amount': True, 'rapid_transaction': False, 'unusual_location': False}}
2024-11-28 06:22:16,548 - INFO - {'transaction_id': 311, 'rules_triggered': {'large_amount': True, 'rapid_transaction': False, 'unusual_location': False}}
2024-11-28 06:22:16,548 - INFO - {'transaction_id': 312, 'rules_triggered': {'large_amount': True, 'rapid_transaction': False, 'unusual_location': True}}
2024-11-28 06:22:16,549 - INFO - {'transaction_id': 317, 'rules_triggered': {'large_amount': False, 'rapid_transaction': False, 'unusual_location': True}}
2024-11-28 06:22:16,549 - INFO - {'transaction_id': 322, 'rules_triggered': {'large_amount': False, 'rapid_transaction': False, 'unusual_location': True}}
2024-11-28 06:22:16,549 - INFO - {'transaction_id': 326, 'rules_triggered': {'large_amount': False, 'rapid_transaction': False, 'unusual_location': True}}
2024-11-28 06:22:16,549 - INFO - {'transaction_id': 327, 'rules_triggered': {'large_amount': True, 'rapid_transaction': False, 'unusual_location': True}}
2024-11-28 06:22:16,549 - INFO - {'transaction_id': 336, 'rules_triggered': {'large_amount': False, 'rapid_transaction': False, 'unusual_location': True}}
2024-11-28 06:22:16,549 - INFO - {'transaction_id': 337, 'rules_triggered': {'large_amount': True, 'rapid_transaction': False, 'unusual_location': False}}
2024-11-28 06:22:16,549 - INFO - {'transaction_id': 343, 'rules_triggered': {'large_amount': False, 'rapid_transaction': False, 'unusual_location': True}}
2024-11-28 06:22:16,549 - INFO - {'transaction_id': 348, 'rules_triggered': {'large_amount': True, 'rapid_transaction': False, 'unusual_location': False}}
2024-11-28 06:22:16,549 - INFO - {'transaction_id': 350, 'rules_triggered': {'large_amount': True, 'rapid_transaction': False, 'unusual_location': True}}
2024-11-28 06:22:16,549 - INFO - {'transaction_id': 351, 'rules_triggered': {'large_amount': True, 'rapid_transaction': False, 'unusual_location': True}}
2024-11-28 06:22:16,549 - INFO - {'transaction_id': 353, 'rules_triggered': {'large_amount': False, 'rapid_transaction': False, 'unusual_location': True}}
2024-11-28 06:22:16,549 - INFO - {'transaction_id': 355, 'rules_triggered': {'large_amount': False, 'rapid_transaction': False, 'unusual_location': True}}
2024-11-28 06:22:16,549 - INFO - {'transaction_id': 356, 'rules_triggered': {'large_amount': False, 'rapid_transaction': False, 'unusual_location': True}}
2024-11-28 06:22:16,549 - INFO - {'transaction_id': 357, 'rules_triggered': {'large_amount': True, 'rapid_transaction': False, 'unusual_location': False}}
2024-11-28 06:22:16,549 - INFO - {'transaction_id': 359, 'rules_triggered': {'large_amount': False, 'rapid_transaction': False, 'unusual_location': True}}
2024-11-28 06:22:16,549 - INFO - {'transaction_id': 360, 'rules_triggered': {'large_amount': True, 'rapid_transaction': False, 'unusual_location': False}}
2024-11-28 06:22:16,549 - INFO - {'transaction_id': 361, 'rules_triggered': {'large_amount': False, 'rapid_transaction': False, 'unusual_location': True}}
2024-11-28 06:22:16,549 - INFO - {'transaction_id': 363, 'rules_triggered': {'large_amount': False, 'rapid_transaction': False, 'unusual_location': True}}
2024-11-28 06:22:16,549 - INFO - {'transaction_id': 376, 'rules_triggered': {'large_amount': False, 'rapid_transaction': False, 'unusual_location': True}}
2024-11-28 06:22:16,549 - INFO - {'transaction_id': 379, 'rules_triggered': {'large_amount': False, 'rapid_transaction': False, 'unusual_location': True}}
2024-11-28 06:22:16,549 - INFO - {'transaction_id': 380, 'rules_triggered': {'large_amount': True, 'rapid_transaction': False, 'unusual_location': False}}
2024-11-28 06:22:16,549 - INFO - {'transaction_id': 384, 'rules_triggered': {'large_amount': False, 'rapid_transaction': False, 'unusual_location': True}}
2024-11-28 06:22:16,549 - INFO - {'transaction_id': 389, 'rules_triggered': {'large_amount': True, 'rapid_transaction': False, 'unusual_location': False}}
2024-11-28 06:22:16,550 - INFO - {'transaction_id': 391, 'rules_triggered': {'large_amount': True, 'rapid_transaction': False, 'unusual_location': False}}
2024-11-28 06:22:16,550 - INFO - {'transaction_id': 392, 'rules_triggered': {'large_amount': False, 'rapid_transaction': False, 'unusual_location': True}}
2024-11-28 06:22:16,550 - INFO - {'transaction_id': 393, 'rules_triggered': {'large_amount': True, 'rapid_transaction': False, 'unusual_location': False}}
2024-11-28 06:22:16,550 - INFO - {'transaction_id': 399, 'rules_triggered': {'large_amount': True, 'rapid_transaction': False, 'unusual_location': False}}
2024-11-28 06:22:16,550 - INFO - {'transaction_id': 402, 'rules_triggered': {'large_amount': False, 'rapid_transaction': False, 'unusual_location': True}}
2024-11-28 06:22:16,550 - INFO - {'transaction_id': 404, 'rules_triggered': {'large_amount': True, 'rapid_transaction': False, 'unusual_location': True}}
2024-11-28 06:22:16,550 - INFO - {'transaction_id': 406, 'rules_triggered': {'large_amount': True, 'rapid_transaction': False, 'unusual_location': False}}
2024-11-28 06:22:16,550 - INFO - {'transaction_id': 408, 'rules_triggered': {'large_amount': False, 'rapid_transaction': False, 'unusual_location': True}}
2024-11-28 06:22:16,550 - INFO - {'transaction_id': 409, 'rules_triggered': {'large_amount': True, 'rapid_transaction': False, 'unusual_location': True}}
2024-11-28 06:22:16,550 - INFO - {'transaction_id': 410, 'rules_triggered': {'large_amount': False, 'rapid_transaction': False, 'unusual_location': True}}
2024-11-28 06:22:16,550 - INFO - {'transaction_id': 411, 'rules_triggered': {'large_amount': False, 'rapid_transaction': False, 'unusual_location': True}}
2024-11-28 06:22:16,550 - INFO - {'transaction_id': 413, 'rules_triggered': {'large_amount': False, 'rapid_transaction': False, 'unusual_location': True}}
2024-11-28 06:22:16,550 - INFO - {'transaction_id': 422, 'rules_triggered': {'large_amount': True, 'rapid_transaction': False, 'unusual_location': False}}
2024-11-28 06:22:16,550 - INFO - {'transaction_id': 423, 'rules_triggered': {'large_amount': False, 'rapid_transaction': False, 'unusual_location': True}}
2024-11-28 06:22:16,550 - INFO - {'transaction_id': 425, 'rules_triggered': {'large_amount': True, 'rapid_transaction': False, 'unusual_location': True}}
2024-11-28 06:22:16,550 - INFO - {'transaction_id': 427, 'rules_triggered': {'large_amount': True, 'rapid_transaction': False, 'unusual_location': False}}
2024-11-28 06:22:16,550 - INFO - {'transaction_id': 429, 'rules_triggered': {'large_amount': False, 'rapid_transaction': False, 'unusual_location': True}}
2024-11-28 06:22:16,550 - INFO - {'transaction_id': 434, 'rules_triggered': {'large_amount': True, 'rapid_transaction': False, 'unusual_location': False}}
2024-11-28 06:22:16,550 - INFO - {'transaction_id': 439, 'rules_triggered': {'large_amount': True, 'rapid_transaction': False, 'unusual_location': False}}
2024-11-28 06:22:16,551 - INFO - {'transaction_id': 440, 'rules_triggered': {'large_amount': True, 'rapid_transaction': False, 'unusual_location': False}}
2024-11-28 06:22:16,551 - INFO - {'transaction_id': 442, 'rules_triggered': {'large_amount': False, 'rapid_transaction': False, 'unusual_location': True}}
2024-11-28 06:22:16,551 - INFO - {'transaction_id': 445, 'rules_triggered': {'large_amount': True, 'rapid_transaction': False, 'unusual_location': True}}
2024-11-28 06:22:16,551 - INFO - {'transaction_id': 455, 'rules_triggered': {'large_amount': True, 'rapid_transaction': False, 'unusual_location': False}}
2024-11-28 06:22:16,551 - INFO - {'transaction_id': 456, 'rules_triggered': {'large_amount': True, 'rapid_transaction': False, 'unusual_location': False}}
2024-11-28 06:22:16,551 - INFO - {'transaction_id': 459, 'rules_triggered': {'large_amount': True, 'rapid_transaction': False, 'unusual_location': False}}
2024-11-28 06:22:16,551 - INFO - {'transaction_id': 460, 'rules_triggered': {'large_amount': True, 'rapid_transaction': False, 'unusual_location': False}}
2024-11-28 06:22:16,551 - INFO - {'transaction_id': 467, 'rules_triggered': {'large_amount': True, 'rapid_transaction': False, 'unusual_location': False}}
2024-11-28 06:22:16,551 - INFO - {'transaction_id': 468, 'rules_triggered': {'large_amount': False, 'rapid_transaction': False, 'unusual_location': True}}
2024-11-28 06:22:16,551 - INFO - {'transaction_id': 469, 'rules_triggered': {'large_amount': True, 'rapid_transaction': False, 'unusual_location': False}}
2024-11-28 06:22:16,551 - INFO - {'transaction_id': 474, 'rules_triggered': {'large_amount': False, 'rapid_transaction': False, 'unusual_location': True}}
2024-11-28 06:22:16,551 - INFO - {'transaction_id': 476, 'rules_triggered': {'large_amount': False, 'rapid_transaction': False, 'unusual_location': True}}
2024-11-28 06:22:16,551 - INFO - {'transaction_id': 478, 'rules_triggered': {'large_amount': True, 'rapid_transaction': False, 'unusual_location': False}}
2024-11-28 06:22:16,551 - INFO - {'transaction_id': 480, 'rules_triggered': {'large_amount': False, 'rapid_transaction': False, 'unusual_location': True}}
2024-11-28 06:22:16,551 - INFO - {'transaction_id': 482, 'rules_triggered': {'large_amount': False, 'rapid_transaction': False, 'unusual_location': True}}
2024-11-28 06:22:16,551 - INFO - {'transaction_id': 483, 'rules_triggered': {'large_amount': True, 'rapid_transaction': False, 'unusual_location': False}}
2024-11-28 06:22:16,551 - INFO - {'transaction_id': 485, 'rules_triggered': {'large_amount': True, 'rapid_transaction': False, 'unusual_location': False}}
2024-11-28 06:22:16,551 - INFO - {'transaction_id': 486, 'rules_triggered': {'large_amount': False, 'rapid_transaction': False, 'unusual_location': True}}
2024-11-28 06:22:16,551 - INFO - {'transaction_id': 492, 'rules_triggered': {'large_amount': False, 'rapid_transaction': False, 'unusual_location': True}}
2024-11-28 06:22:16,551 - INFO - {'transaction_id': 494, 'rules_triggered': {'large_amount': True, 'rapid_transaction': False, 'unusual_location': False}}
2024-11-28 06:22:16,551 - INFO - {'transaction_id': 499, 'rules_triggered': {'large_amount': True, 'rapid_transaction': False, 'unusual_location': False}}
2024-11-28 06:22:16,551 - INFO - {'transaction_id': 501, 'rules_triggered': {'large_amount': True, 'rapid_transaction': False, 'unusual_location': False}}
2024-11-28 06:22:16,551 - INFO - {'transaction_id': 506, 'rules_triggered': {'large_amount': True, 'rapid_transaction': False, 'unusual_location': False}}
2024-11-28 06:22:16,551 - INFO - {'transaction_id': 507, 'rules_triggered': {'large_amount': False, 'rapid_transaction': False, 'unusual_location': True}}
2024-11-28 06:22:16,552 - INFO - {'transaction_id': 510, 'rules_triggered': {'large_amount': True, 'rapid_transaction': False, 'unusual_location': True}}
2024-11-28 06:22:16,552 - INFO - {'transaction_id': 516, 'rules_triggered': {'large_amount': False, 'rapid_transaction': False, 'unusual_location': True}}
2024-11-28 06:22:16,552 - INFO - {'transaction_id': 523, 'rules_triggered': {'large_amount': False, 'rapid_transaction': False, 'unusual_location': True}}
2024-11-28 06:22:16,552 - INFO - {'transaction_id': 524, 'rules_triggered': {'large_amount': False, 'rapid_transaction': False, 'unusual_location': True}}
2024-11-28 06:22:16,552 - INFO - {'transaction_id': 526, 'rules_triggered': {'large_amount': True, 'rapid_transaction': False, 'unusual_location': True}}
2024-11-28 06:22:16,552 - INFO - {'transaction_id': 527, 'rules_triggered': {'large_amount': True, 'rapid_transaction': False, 'unusual_location': False}}
2024-11-28 06:22:16,552 - INFO - {'transaction_id': 529, 'rules_triggered': {'large_amount': False, 'rapid_transaction': False, 'unusual_location': True}}
2024-11-28 06:22:16,552 - INFO - {'transaction_id': 530, 'rules_triggered': {'large_amount': False, 'rapid_transaction': False, 'unusual_location': True}}
2024-11-28 06:22:16,552 - INFO - {'transaction_id': 532, 'rules_triggered': {'large_amount': False, 'rapid_transaction': False, 'unusual_location': True}}
2024-11-28 06:22:16,552 - INFO - {'transaction_id': 537, 'rules_triggered': {'large_amount': True, 'rapid_transaction': False, 'unusual_location': True}}
2024-11-28 06:22:16,552 - INFO - {'transaction_id': 538, 'rules_triggered': {'large_amount': True, 'rapid_transaction': False, 'unusual_location': True}}
2024-11-28 06:22:16,552 - INFO - {'transaction_id': 539, 'rules_triggered': {'large_amount': True, 'rapid_transaction': False, 'unusual_location': False}}
2024-11-28 06:22:16,552 - INFO - {'transaction_id': 540, 'rules_triggered': {'large_amount': True, 'rapid_transaction': False, 'unusual_location': False}}
2024-11-28 06:22:16,552 - INFO - {'transaction_id': 541, 'rules_triggered': {'large_amount': False, 'rapid_transaction': False, 'unusual_location': True}}
2024-11-28 06:22:16,552 - INFO - {'transaction_id': 548, 'rules_triggered': {'large_amount': True, 'rapid_transaction': False, 'unusual_location': True}}
2024-11-28 06:22:16,552 - INFO - {'transaction_id': 549, 'rules_triggered': {'large_amount': True, 'rapid_transaction': False, 'unusual_location': True}}
2024-11-28 06:22:16,552 - INFO - {'transaction_id': 560, 'rules_triggered': {'large_amount': False, 'rapid_transaction': False, 'unusual_location': True}}
2024-11-28 06:22:16,552 - INFO - {'transaction_id': 565, 'rules_triggered': {'large_amount': True, 'rapid_transaction': False, 'unusual_location': False}}
2024-11-28 06:22:16,552 - INFO - {'transaction_id': 570, 'rules_triggered': {'large_amount': True, 'rapid_transaction': False, 'unusual_location': False}}
2024-11-28 06:22:16,552 - INFO - {'transaction_id': 575, 'rules_triggered': {'large_amount': True, 'rapid_transaction': False, 'unusual_location': False}}
2024-11-28 06:22:16,552 - INFO - {'transaction_id': 576, 'rules_triggered': {'large_amount': True, 'rapid_transaction': False, 'unusual_location': False}}
2024-11-28 06:22:16,552 - INFO - {'transaction_id': 577, 'rules_triggered': {'large_amount': False, 'rapid_transaction': False, 'unusual_location': True}}
2024-11-28 06:22:16,552 - INFO - {'transaction_id': 578, 'rules_triggered': {'large_amount': True, 'rapid_transaction': False, 'unusual_location': False}}
2024-11-28 06:22:16,552 - INFO - {'transaction_id': 580, 'rules_triggered': {'large_amount': True, 'rapid_transaction': False, 'unusual_location': False}}
2024-11-28 06:22:16,553 - INFO - {'transaction_id': 584, 'rules_triggered': {'large_amount': True, 'rapid_transaction': False, 'unusual_location': True}}
2024-11-28 06:22:16,553 - INFO - {'transaction_id': 589, 'rules_triggered': {'large_amount': True, 'rapid_transaction': False, 'unusual_location': False}}
2024-11-28 06:22:16,553 - INFO - {'transaction_id': 591, 'rules_triggered': {'large_amount': True, 'rapid_transaction': False, 'unusual_location': True}}
2024-11-28 06:22:16,553 - INFO - {'transaction_id': 597, 'rules_triggered': {'large_amount': False, 'rapid_transaction': False, 'unusual_location': True}}
2024-11-28 06:22:16,553 - INFO - {'transaction_id': 599, 'rules_triggered': {'large_amount': True, 'rapid_transaction': False, 'unusual_location': True}}
2024-11-28 06:22:16,553 - INFO - {'transaction_id': 601, 'rules_triggered': {'large_amount': False, 'rapid_transaction': False, 'unusual_location': True}}
2024-11-28 06:22:16,553 - INFO - {'transaction_id': 607, 'rules_triggered': {'large_amount': True, 'rapid_transaction': False, 'unusual_location': False}}
2024-11-28 06:22:16,553 - INFO - {'transaction_id': 615, 'rules_triggered': {'large_amount': False, 'rapid_transaction': False, 'unusual_location': True}}
2024-11-28 06:22:16,553 - INFO - {'transaction_id': 617, 'rules_triggered': {'large_amount': True, 'rapid_transaction': False, 'unusual_location': True}}
2024-11-28 06:22:16,553 - INFO - {'transaction_id': 619, 'rules_triggered': {'large_amount': False, 'rapid_transaction': False, 'unusual_location': True}}
2024-11-28 06:22:16,553 - INFO - {'transaction_id': 621, 'rules_triggered': {'large_amount': True, 'rapid_transaction': False, 'unusual_location': False}}
2024-11-28 06:22:16,553 - INFO - {'transaction_id': 622, 'rules_triggered': {'large_amount': True, 'rapid_transaction': False, 'unusual_location': False}}
2024-11-28 06:22:16,553 - INFO - {'transaction_id': 625, 'rules_triggered': {'large_amount': True, 'rapid_transaction': False, 'unusual_location': False}}
2024-11-28 06:22:16,553 - INFO - {'transaction_id': 627, 'rules_triggered': {'large_amount': False, 'rapid_transaction': False, 'unusual_location': True}}
2024-11-28 06:22:16,553 - INFO - {'transaction_id': 630, 'rules_triggered': {'large_amount': True, 'rapid_transaction': False, 'unusual_location': True}}
2024-11-28 06:22:16,553 - INFO - {'transaction_id': 631, 'rules_triggered': {'large_amount': False, 'rapid_transaction': False, 'unusual_location': True}}
2024-11-28 06:22:16,553 - INFO - {'transaction_id': 632, 'rules_triggered': {'large_amount': True, 'rapid_transaction': False, 'unusual_location': False}}
2024-11-28 06:22:16,553 - INFO - {'transaction_id': 634, 'rules_triggered': {'large_amount': False, 'rapid_transaction': False, 'unusual_location': True}}
2024-11-28 06:22:16,553 - INFO - {'transaction_id': 639, 'rules_triggered': {'large_amount': True, 'rapid_transaction': False, 'unusual_location': False}}
2024-11-28 06:22:16,553 - INFO - {'transaction_id': 640, 'rules_triggered': {'large_amount': True, 'rapid_transaction': False, 'unusual_location': False}}
2024-11-28 06:22:16,553 - INFO - {'transaction_id': 641, 'rules_triggered': {'large_amount': True, 'rapid_transaction': False, 'unusual_location': False}}
2024-11-28 06:22:16,554 - INFO - {'transaction_id': 642, 'rules_triggered': {'large_amount': True, 'rapid_transaction': False, 'unusual_location': False}}
2024-11-28 06:22:16,554 - INFO - {'transaction_id': 647, 'rules_triggered': {'large_amount': False, 'rapid_transaction': False, 'unusual_location': True}}
2024-11-28 06:22:16,554 - INFO - {'transaction_id': 650, 'rules_triggered': {'large_amount': True, 'rapid_transaction': False, 'unusual_location': True}}
2024-11-28 06:22:16,554 - INFO - {'transaction_id': 655, 'rules_triggered': {'large_amount': True, 'rapid_transaction': False, 'unusual_location': False}}
2024-11-28 06:22:16,554 - INFO - {'transaction_id': 657, 'rules_triggered': {'large_amount': False, 'rapid_transaction': False, 'unusual_location': True}}
2024-11-28 06:22:16,554 - INFO - {'transaction_id': 658, 'rules_triggered': {'large_amount': False, 'rapid_transaction': False, 'unusual_location': True}}
2024-11-28 06:22:16,554 - INFO - {'transaction_id': 659, 'rules_triggered': {'large_amount': True, 'rapid_transaction': False, 'unusual_location': False}}
2024-11-28 06:22:16,554 - INFO - {'transaction_id': 667, 'rules_triggered': {'large_amount': False, 'rapid_transaction': False, 'unusual_location': True}}
2024-11-28 06:22:16,554 - INFO - {'transaction_id': 669, 'rules_triggered': {'large_amount': False, 'rapid_transaction': False, 'unusual_location': True}}
2024-11-28 06:22:16,554 - INFO - {'transaction_id': 675, 'rules_triggered': {'large_amount': False, 'rapid_transaction': False, 'unusual_location': True}}
2024-11-28 06:22:16,554 - INFO - {'transaction_id': 676, 'rules_triggered': {'large_amount': True, 'rapid_transaction': False, 'unusual_location': False}}
2024-11-28 06:22:16,554 - INFO - {'transaction_id': 679, 'rules_triggered': {'large_amount': True, 'rapid_transaction': False, 'unusual_location': False}}
2024-11-28 06:22:16,554 - INFO - {'transaction_id': 683, 'rules_triggered': {'large_amount': True, 'rapid_transaction': False, 'unusual_location': True}}
2024-11-28 06:22:16,554 - INFO - {'transaction_id': 684, 'rules_triggered': {'large_amount': True, 'rapid_transaction': False, 'unusual_location': False}}
2024-11-28 06:22:16,554 - INFO - {'transaction_id': 687, 'rules_triggered': {'large_amount': True, 'rapid_transaction': False, 'unusual_location': True}}
2024-11-28 06:22:16,554 - INFO - {'transaction_id': 691, 'rules_triggered': {'large_amount': False, 'rapid_transaction': False, 'unusual_location': True}}
2024-11-28 06:22:16,554 - INFO - {'transaction_id': 693, 'rules_triggered': {'large_amount': False, 'rapid_transaction': False, 'unusual_location': True}}
2024-11-28 06:22:16,554 - INFO - {'transaction_id': 696, 'rules_triggered': {'large_amount': False, 'rapid_transaction': False, 'unusual_location': True}}
2024-11-28 06:22:16,554 - INFO - {'transaction_id': 697, 'rules_triggered': {'large_amount': True, 'rapid_transaction': False, 'unusual_location': False}}
2024-11-28 06:22:16,554 - INFO - {'transaction_id': 711, 'rules_triggered': {'large_amount': True, 'rapid_transaction': False, 'unusual_location': False}}
2024-11-28 06:22:16,555 - INFO - {'transaction_id': 712, 'rules_triggered': {'large_amount': False, 'rapid_transaction': False, 'unusual_location': True}}
2024-11-28 06:22:16,555 - INFO - {'transaction_id': 713, 'rules_triggered': {'large_amount': True, 'rapid_transaction': False, 'unusual_location': False}}
2024-11-28 06:22:16,555 - INFO - {'transaction_id': 714, 'rules_triggered': {'large_amount': False, 'rapid_transaction': False, 'unusual_location': True}}
2024-11-28 06:22:16,555 - INFO - {'transaction_id': 725, 'rules_triggered': {'large_amount': False, 'rapid_transaction': False, 'unusual_location': True}}
2024-11-28 06:22:16,555 - INFO - {'transaction_id': 728, 'rules_triggered': {'large_amount': False, 'rapid_transaction': False, 'unusual_location': True}}
2024-11-28 06:22:16,555 - INFO - {'transaction_id': 732, 'rules_triggered': {'large_amount': False, 'rapid_transaction': False, 'unusual_location': True}}
2024-11-28 06:22:16,555 - INFO - {'transaction_id': 734, 'rules_triggered': {'large_amount': True, 'rapid_transaction': False, 'unusual_location': False}}
2024-11-28 06:22:16,555 - INFO - {'transaction_id': 736, 'rules_triggered': {'large_amount': True, 'rapid_transaction': False, 'unusual_location': False}}
2024-11-28 06:22:16,555 - INFO - {'transaction_id': 740, 'rules_triggered': {'large_amount': False, 'rapid_transaction': False, 'unusual_location': True}}
2024-11-28 06:22:16,555 - INFO - {'transaction_id': 741, 'rules_triggered': {'large_amount': True, 'rapid_transaction': False, 'unusual_location': False}}
2024-11-28 06:22:16,555 - INFO - {'transaction_id': 748, 'rules_triggered': {'large_amount': False, 'rapid_transaction': False, 'unusual_location': True}}
2024-11-28 06:22:16,555 - INFO - {'transaction_id': 750, 'rules_triggered': {'large_amount': False, 'rapid_transaction': False, 'unusual_location': True}}
2024-11-28 06:22:16,556 - INFO - {'transaction_id': 755, 'rules_triggered': {'large_amount': False, 'rapid_transaction': False, 'unusual_location': True}}
2024-11-28 06:22:16,556 - INFO - {'transaction_id': 757, 'rules_triggered': {'large_amount': False, 'rapid_transaction': False, 'unusual_location': True}}
2024-11-28 06:22:16,556 - INFO - {'transaction_id': 761, 'rules_triggered': {'large_amount': True, 'rapid_transaction': False, 'unusual_location': False}}
2024-11-28 06:22:16,556 - INFO - {'transaction_id': 762, 'rules_triggered': {'large_amount': True, 'rapid_transaction': False, 'unusual_location': False}}
2024-11-28 06:22:16,556 - INFO - {'transaction_id': 763, 'rules_triggered': {'large_amount': True, 'rapid_transaction': False, 'unusual_location': False}}
2024-11-28 06:22:16,556 - INFO - {'transaction_id': 767, 'rules_triggered': {'large_amount': True, 'rapid_transaction': False, 'unusual_location': True}}
2024-11-28 06:22:16,556 - INFO - {'transaction_id': 768, 'rules_triggered': {'large_amount': True, 'rapid_transaction': False, 'unusual_location': False}}
2024-11-28 06:22:16,556 - INFO - {'transaction_id': 774, 'rules_triggered': {'large_amount': False, 'rapid_transaction': False, 'unusual_location': True}}
2024-11-28 06:22:16,556 - INFO - {'transaction_id': 775, 'rules_triggered': {'large_amount': True, 'rapid_transaction': False, 'unusual_location': True}}
2024-11-28 06:22:16,556 - INFO - {'transaction_id': 776, 'rules_triggered': {'large_amount': False, 'rapid_transaction': False, 'unusual_location': True}}
2024-11-28 06:22:16,556 - INFO - {'transaction_id': 779, 'rules_triggered': {'large_amount': True, 'rapid_transaction': False, 'unusual_location': False}}
2024-11-28 06:22:16,556 - INFO - {'transaction_id': 785, 'rules_triggered': {'large_amount': True, 'rapid_transaction': False, 'unusual_location': False}}
2024-11-28 06:22:16,556 - INFO - {'transaction_id': 787, 'rules_triggered': {'large_amount': False, 'rapid_transaction': False, 'unusual_location': True}}
2024-11-28 06:22:16,556 - INFO - {'transaction_id': 789, 'rules_triggered': {'large_amount': False, 'rapid_transaction': False, 'unusual_location': True}}
2024-11-28 06:22:16,556 - INFO - {'transaction_id': 793, 'rules_triggered': {'large_amount': True, 'rapid_transaction': False, 'unusual_location': False}}
2024-11-28 06:22:16,556 - INFO - {'transaction_id': 794, 'rules_triggered': {'large_amount': True, 'rapid_transaction': False, 'unusual_location': False}}
2024-11-28 06:22:16,556 - INFO - {'transaction_id': 797, 'rules_triggered': {'large_amount': True, 'rapid_transaction': False, 'unusual_location': False}}
2024-11-28 06:22:16,556 - INFO - {'transaction_id': 802, 'rules_triggered': {'large_amount': True, 'rapid_transaction': False, 'unusual_location': False}}
2024-11-28 06:22:16,556 - INFO - {'transaction_id': 804, 'rules_triggered': {'large_amount': False, 'rapid_transaction': False, 'unusual_location': True}}
2024-11-28 06:22:16,556 - INFO - {'transaction_id': 805, 'rules_triggered': {'large_amount': True, 'rapid_transaction': False, 'unusual_location': False}}
2024-11-28 06:22:16,556 - INFO - {'transaction_id': 806, 'rules_triggered': {'large_amount': True, 'rapid_transaction': False, 'unusual_location': True}}
2024-11-28 06:22:16,556 - INFO - {'transaction_id': 810, 'rules_triggered': {'large_amount': True, 'rapid_transaction': False, 'unusual_location': False}}
2024-11-28 06:22:16,557 - INFO - {'transaction_id': 813, 'rules_triggered': {'large_amount': True, 'rapid_transaction': False, 'unusual_location': False}}
2024-11-28 06:22:16,557 - INFO - {'transaction_id': 817, 'rules_triggered': {'large_amount': True, 'rapid_transaction': False, 'unusual_location': True}}
2024-11-28 06:22:16,557 - INFO - {'transaction_id': 818, 'rules_triggered': {'large_amount': False, 'rapid_transaction': False, 'unusual_location': True}}
2024-11-28 06:22:16,557 - INFO - {'transaction_id': 822, 'rules_triggered': {'large_amount': True, 'rapid_transaction': False, 'unusual_location': True}}
2024-11-28 06:22:16,557 - INFO - {'transaction_id': 824, 'rules_triggered': {'large_amount': True, 'rapid_transaction': False, 'unusual_location': False}}
2024-11-28 06:22:16,557 - INFO - {'transaction_id': 825, 'rules_triggered': {'large_amount': True, 'rapid_transaction': False, 'unusual_location': False}}
2024-11-28 06:22:16,557 - INFO - {'transaction_id': 826, 'rules_triggered': {'large_amount': True, 'rapid_transaction': False, 'unusual_location': False}}
2024-11-28 06:22:16,557 - INFO - {'transaction_id': 828, 'rules_triggered': {'large_amount': True, 'rapid_transaction': False, 'unusual_location': False}}
2024-11-28 06:22:16,557 - INFO - {'transaction_id': 830, 'rules_triggered': {'large_amount': False, 'rapid_transaction': False, 'unusual_location': True}}
2024-11-28 06:22:16,557 - INFO - {'transaction_id': 831, 'rules_triggered': {'large_amount': True, 'rapid_transaction': False, 'unusual_location': False}}
2024-11-28 06:22:16,557 - INFO - {'transaction_id': 834, 'rules_triggered': {'large_amount': False, 'rapid_transaction': False, 'unusual_location': True}}
2024-11-28 06:22:16,557 - INFO - {'transaction_id': 836, 'rules_triggered': {'large_amount': True, 'rapid_transaction': False, 'unusual_location': False}}
2024-11-28 06:22:16,557 - INFO - {'transaction_id': 837, 'rules_triggered': {'large_amount': True, 'rapid_transaction': False, 'unusual_location': False}}
2024-11-28 06:22:16,557 - INFO - {'transaction_id': 838, 'rules_triggered': {'large_amount': False, 'rapid_transaction': False, 'unusual_location': True}}
2024-11-28 06:22:16,557 - INFO - {'transaction_id': 839, 'rules_triggered': {'large_amount': True, 'rapid_transaction': False, 'unusual_location': True}}
2024-11-28 06:22:16,557 - INFO - {'transaction_id': 841, 'rules_triggered': {'large_amount': False, 'rapid_transaction': False, 'unusual_location': True}}
2024-11-28 06:22:16,557 - INFO - {'transaction_id': 847, 'rules_triggered': {'large_amount': True, 'rapid_transaction': False, 'unusual_location': False}}
2024-11-28 06:22:16,557 - INFO - {'transaction_id': 850, 'rules_triggered': {'large_amount': True, 'rapid_transaction': False, 'unusual_location': True}}
2024-11-28 06:22:16,557 - INFO - {'transaction_id': 852, 'rules_triggered': {'large_amount': False, 'rapid_transaction': False, 'unusual_location': True}}
2024-11-28 06:22:16,557 - INFO - {'transaction_id': 854, 'rules_triggered': {'large_amount': True, 'rapid_transaction': False, 'unusual_location': False}}
2024-11-28 06:22:16,558 - INFO - {'transaction_id': 858, 'rules_triggered': {'large_amount': False, 'rapid_transaction': False, 'unusual_location': True}}
2024-11-28 06:22:16,558 - INFO - {'transaction_id': 859, 'rules_triggered': {'large_amount': False, 'rapid_transaction': False, 'unusual_location': True}}
2024-11-28 06:22:16,558 - INFO - {'transaction_id': 862, 'rules_triggered': {'large_amount': True, 'rapid_transaction': False, 'unusual_location': True}}
2024-11-28 06:22:16,558 - INFO - {'transaction_id': 863, 'rules_triggered': {'large_amount': True, 'rapid_transaction': False, 'unusual_location': False}}
2024-11-28 06:22:16,558 - INFO - {'transaction_id': 864, 'rules_triggered': {'large_amount': False, 'rapid_transaction': False, 'unusual_location': True}}
2024-11-28 06:22:16,558 - INFO - {'transaction_id': 868, 'rules_triggered': {'large_amount': False, 'rapid_transaction': False, 'unusual_location': True}}
2024-11-28 06:22:16,558 - INFO - {'transaction_id': 872, 'rules_triggered': {'large_amount': True, 'rapid_transaction': False, 'unusual_location': False}}
2024-11-28 06:22:16,558 - INFO - {'transaction_id': 873, 'rules_triggered': {'large_amount': True, 'rapid_transaction': False, 'unusual_location': False}}
2024-11-28 06:22:16,558 - INFO - {'transaction_id': 876, 'rules_triggered': {'large_amount': False, 'rapid_transaction': False, 'unusual_location': True}}
2024-11-28 06:22:16,558 - INFO - {'transaction_id': 877, 'rules_triggered': {'large_amount': True, 'rapid_transaction': False, 'unusual_location': False}}
2024-11-28 06:22:16,558 - INFO - {'transaction_id': 879, 'rules_triggered': {'large_amount': True, 'rapid_transaction': False, 'unusual_location': False}}
2024-11-28 06:22:16,558 - INFO - {'transaction_id': 880, 'rules_triggered': {'large_amount': False, 'rapid_transaction': False, 'unusual_location': True}}
2024-11-28 06:22:16,558 - INFO - {'transaction_id': 881, 'rules_triggered': {'large_amount': True, 'rapid_transaction': False, 'unusual_location': False}}
2024-11-28 06:22:16,558 - INFO - {'transaction_id': 886, 'rules_triggered': {'large_amount': False, 'rapid_transaction': False, 'unusual_location': True}}
2024-11-28 06:22:16,558 - INFO - {'transaction_id': 887, 'rules_triggered': {'large_amount': True, 'rapid_transaction': False, 'unusual_location': False}}
2024-11-28 06:22:16,558 - INFO - {'transaction_id': 890, 'rules_triggered': {'large_amount': False, 'rapid_transaction': False, 'unusual_location': True}}
2024-11-28 06:22:16,558 - INFO - {'transaction_id': 892, 'rules_triggered': {'large_amount': False, 'rapid_transaction': False, 'unusual_location': True}}
2024-11-28 06:22:16,558 - INFO - {'transaction_id': 895, 'rules_triggered': {'large_amount': True, 'rapid_transaction': False, 'unusual_location': False}}
2024-11-28 06:22:16,558 - INFO - {'transaction_id': 896, 'rules_triggered': {'large_amount': False, 'rapid_transaction': False, 'unusual_location': True}}
2024-11-28 06:22:16,558 - INFO - {'transaction_id': 899, 'rules_triggered': {'large_amount': True, 'rapid_transaction': False, 'unusual_location': True}}
2024-11-28 06:22:16,559 - INFO - {'transaction_id': 902, 'rules_triggered': {'large_amount': False, 'rapid_transaction': False, 'unusual_location': True}}
2024-11-28 06:22:16,559 - INFO - {'transaction_id': 905, 'rules_triggered': {'large_amount': True, 'rapid_transaction': False, 'unusual_location': False}}
2024-11-28 06:22:16,559 - INFO - {'transaction_id': 906, 'rules_triggered': {'large_amount': False, 'rapid_transaction': False, 'unusual_location': True}}
2024-11-28 06:22:16,559 - INFO - {'transaction_id': 908, 'rules_triggered': {'large_amount': False, 'rapid_transaction': False, 'unusual_location': True}}
2024-11-28 06:22:16,559 - INFO - {'transaction_id': 909, 'rules_triggered': {'large_amount': True, 'rapid_transaction': False, 'unusual_location': False}}
2024-11-28 06:22:16,559 - INFO - {'transaction_id': 911, 'rules_triggered': {'large_amount': True, 'rapid_transaction': False, 'unusual_location': False}}
2024-11-28 06:22:16,559 - INFO - {'transaction_id': 914, 'rules_triggered': {'large_amount': True, 'rapid_transaction': False, 'unusual_location': False}}
2024-11-28 06:22:16,559 - INFO - {'transaction_id': 916, 'rules_triggered': {'large_amount': False, 'rapid_transaction': False, 'unusual_location': True}}
2024-11-28 06:22:16,559 - INFO - {'transaction_id': 919, 'rules_triggered': {'large_amount': True, 'rapid_transaction': False, 'unusual_location': False}}
2024-11-28 06:22:16,559 - INFO - {'transaction_id': 922, 'rules_triggered': {'large_amount': True, 'rapid_transaction': False, 'unusual_location': True}}
2024-11-28 06:22:16,559 - INFO - {'transaction_id': 924, 'rules_triggered': {'large_amount': False, 'rapid_transaction': False, 'unusual_location': True}}
2024-11-28 06:22:16,559 - INFO - {'transaction_id': 925, 'rules_triggered': {'large_amount': True, 'rapid_transaction': False, 'unusual_location': True}}
2024-11-28 06:22:16,559 - INFO - {'transaction_id': 929, 'rules_triggered': {'large_amount': False, 'rapid_transaction': False, 'unusual_location': True}}
2024-11-28 06:22:16,559 - INFO - {'transaction_id': 933, 'rules_triggered': {'large_amount': False, 'rapid_transaction': False, 'unusual_location': True}}
2024-11-28 06:22:16,559 - INFO - {'transaction_id': 936, 'rules_triggered': {'large_amount': False, 'rapid_transaction': False, 'unusual_location': True}}
2024-11-28 06:22:16,559 - INFO - {'transaction_id': 938, 'rules_triggered': {'large_amount': False, 'rapid_transaction': False, 'unusual_location': True}}
2024-11-28 06:22:16,559 - INFO - {'transaction_id': 940, 'rules_triggered': {'large_amount': False, 'rapid_transaction': False, 'unusual_location': True}}
2024-11-28 06:22:16,559 - INFO - {'transaction_id': 941, 'rules_triggered': {'large_amount': True, 'rapid_transaction': False, 'unusual_location': False}}
2024-11-28 06:22:16,559 - INFO - {'transaction_id': 946, 'rules_triggered': {'large_amount': False, 'rapid_transaction': False, 'unusual_location': True}}
2024-11-28 06:22:16,559 - INFO - {'transaction_id': 947, 'rules_triggered': {'large_amount': True, 'rapid_transaction': False, 'unusual_location': False}}
2024-11-28 06:22:16,559 - INFO - {'transaction_id': 948, 'rules_triggered': {'large_amount': True, 'rapid_transaction': False, 'unusual_location': False}}
2024-11-28 06:22:16,559 - INFO - {'transaction_id': 953, 'rules_triggered': {'large_amount': False, 'rapid_transaction': False, 'unusual_location': True}}
2024-11-28 06:22:16,560 - INFO - {'transaction_id': 955, 'rules_triggered': {'large_amount': True, 'rapid_transaction': False, 'unusual_location': True}}
2024-11-28 06:22:16,560 - INFO - {'transaction_id': 956, 'rules_triggered': {'large_amount': True, 'rapid_transaction': False, 'unusual_location': False}}
2024-11-28 06:22:16,560 - INFO - {'transaction_id': 962, 'rules_triggered': {'large_amount': False, 'rapid_transaction': False, 'unusual_location': True}}
2024-11-28 06:22:16,560 - INFO - {'transaction_id': 965, 'rules_triggered': {'large_amount': False, 'rapid_transaction': False, 'unusual_location': True}}
2024-11-28 06:22:16,560 - INFO - {'transaction_id': 971, 'rules_triggered': {'large_amount': True, 'rapid_transaction': False, 'unusual_location': False}}
2024-11-28 06:22:16,560 - INFO - {'transaction_id': 973, 'rules_triggered': {'large_amount': True, 'rapid_transaction': False, 'unusual_location': False}}
2024-11-28 06:22:16,560 - INFO - {'transaction_id': 977, 'rules_triggered': {'large_amount': True, 'rapid_transaction': False, 'unusual_location': False}}
2024-11-28 06:22:16,560 - INFO - {'transaction_id': 978, 'rules_triggered': {'large_amount': False, 'rapid_transaction': False, 'unusual_location': True}}
2024-11-28 06:22:16,560 - INFO - {'transaction_id': 982, 'rules_triggered': {'large_amount': False, 'rapid_transaction': False, 'unusual_location': True}}
2024-11-28 06:22:16,560 - INFO - {'transaction_id': 984, 'rules_triggered': {'large_amount': False, 'rapid_transaction': False, 'unusual_location': True}}
2024-11-28 06:22:16,560 - INFO - {'transaction_id': 986, 'rules_triggered': {'large_amount': False, 'rapid_transaction': False, 'unusual_location': True}}
2024-11-28 06:22:16,560 - INFO - {'transaction_id': 988, 'rules_triggered': {'large_amount': True, 'rapid_transaction': False, 'unusual_location': False}}
2024-11-28 06:22:16,560 - INFO - {'transaction_id': 989, 'rules_triggered': {'large_amount': False, 'rapid_transaction': False, 'unusual_location': True}}
2024-11-28 06:22:16,560 - INFO - {'transaction_id': 990, 'rules_triggered': {'large_amount': True, 'rapid_transaction': False, 'unusual_location': False}}
2024-11-28 06:22:16,560 - INFO - {'transaction_id': 996, 'rules_triggered': {'large_amount': True, 'rapid_transaction': False, 'unusual_location': False}}
2024-11-28 06:22:16,560 - INFO - {'transaction_id': 998, 'rules_triggered': {'large_amount': False, 'rapid_transaction': False, 'unusual_location': True}}
